<?xml version="1.0" encoding="UTF-8"?>
<!-- Generated by org.testng.reporters.JUnitReportReporter -->
<testsuite hostname="Sys-PC" name="batTesting.Inbox" tests="1" failures="0" timestamp="3 Nov 2016 16:05:33 GMT" time="0.010" errors="0">
  <testcase name="InBox" time="0.010" classname="batTesting.Inbox"/>
</testsuite> <!-- batTesting.Inbox -->
