<?xml version="1.0" encoding="UTF-8"?>
<!-- Generated by org.testng.reporters.JUnitReportReporter -->
<testsuite hostname="Sys-PC" name="batTesting.SentMail$Inbox" tests="1" failures="0" timestamp="3 Nov 2016 16:05:33 GMT" time="0.003" errors="0">
  <testcase name="SentMail" time="0.003" classname="batTesting.SentMail$Inbox"/>
</testsuite> <!-- batTesting.SentMail$Inbox -->
