<?xml version="1.0" encoding="UTF-8"?>
<!-- Generated by org.testng.reporters.JUnitReportReporter -->
<testsuite hostname="Sys-PC" name="testing.Linkstesting" tests="1" failures="0" timestamp="9 Feb 2017 16:18:49 GMT" time="250.714" errors="0">
  <testcase name="LinksTesting" time="250.714" classname="testing.Linkstesting"/>
</testsuite> <!-- testing.Linkstesting -->
