<?xml version="1.0" encoding="UTF-8"?>
<!-- Generated by org.testng.reporters.JUnitReportReporter -->
<testsuite hostname="Sys-PC" name="day12.BrowserLaunch" tests="1" failures="0" timestamp="30 Nov 2016 13:32:06 GMT" time="0.749" errors="0">
  <testcase name="LogIn" time="0.749" classname="day12.BrowserLaunch"/>
</testsuite> <!-- day12.BrowserLaunch -->
